#
# An unexpected error has been detected by Java Runtime Environment:
#
#  EXCEPTION_ACCESS_VIOLATION (0xc0000005) at pc=0x79992d10, pid=9700, tid=3776
#
# Java VM: Java HotSpot(TM) Client VM (11.2-b01 mixed mode windows-x86)
# Problematic frame:
# C  0x79992d10
#
# If you would like to submit a bug report, please visit:
#   http://java.sun.com/webapps/bugreport/crash.jsp
# The crash happened outside the Java Virtual Machine in native code.
# See problematic frame for where to report the bug.
#

---------------  T H R E A D  ---------------

Current thread (0x1b0ed000):  JavaThread "AWT-EventQueue-0" [_thread_in_native, id=3776, stack(0x1c170000,0x1c1f0000)]

siginfo: ExceptionCode=0xc0000005, reading address 0x00000004

Registers:
EAX=0x0000000d, EBX=0x1b30a770, ECX=0x00000000, EDX=0x00000000
ESP=0x1c1eee14, EBP=0x768e4f70, ESI=0xca010295, EDI=0x230333d0
EIP=0x79992d10, EFLAGS=0x00010213

Top of Stack: (sp=0x1c1eee14)
0x1c1eee14:   79956a0a ca010295 1c1ef390 1b0ed114
0x1c1eee24:   1c1ef330 230333d0 7993c46e 1b0ed114
0x1c1eee34:   230333d0 1b490b08 7993c491 00000001
0x1c1eee44:   1b0ed000 1b0ed114 7995408c 1b0ed114
0x1c1eee54:   1c1ef390 1b0ed000 00000000 00000001
0x1c1eee64:   0d805c40 79ae84b6 00000001 0d805c40
0x1c1eee74:   1b490b08 1b0ed000 1c1eef38 0000000a
0x1c1eee84:   79b9afee 1b094c4c 0000000e 79ae1086 

Instructions: (pc=0x79992d10)
0x79992d00:   8b 41 04 8b 80 0c 0c 00 00 c3 cc cc cc cc cc cc
0x79992d10:   8b 49 04 85 c9 74 05 e9 94 81 fe ff 33 c0 c2 04 


Stack: [0x1c170000,0x1c1f0000],  sp=0x1c1eee14,  free space=507k
Native frames: (J=compiled Java code, j=interpreted, Vv=VM code, C=native code)
C  0x79992d10

Java frames: (J=compiled Java code, j=interpreted, Vv=VM code)
J  sun.java2d.windows.GDIBlitLoops.nativeBlit(Lsun/java2d/SurfaceData;Lsun/java2d/SurfaceData;Lsun/java2d/pipe/Region;IIIIIIIIIZ)V
J  sun.java2d.windows.GDIBlitLoops.Blit(Lsun/java2d/SurfaceData;Lsun/java2d/SurfaceData;Ljava/awt/Composite;Lsun/java2d/pipe/Region;IIIIII)V
J  sun.java2d.pipe.DrawImage.blitSurfaceData(Lsun/java2d/SunGraphics2D;Lsun/java2d/pipe/Region;Lsun/java2d/SurfaceData;Lsun/java2d/SurfaceData;Lsun/java2d/loops/SurfaceType;Lsun/java2d/loops/SurfaceType;IIIIIILjava/awt/Color;)V
J  sun.java2d.pipe.DrawImage.renderImageCopy(Lsun/java2d/SunGraphics2D;Ljava/awt/Image;Ljava/awt/Color;IIIIII)Z
J  sun.java2d.pipe.DrawImage.copyImage(Lsun/java2d/SunGraphics2D;Ljava/awt/Image;IIIIIILjava/awt/Color;)Z
J  sun.java2d.pipe.DrawImage.copyImage(Lsun/java2d/SunGraphics2D;Ljava/awt/Image;IIIIIILjava/awt/Color;Ljava/awt/image/ImageObserver;)Z
J  sun.java2d.pipe.ValidatePipe.copyImage(Lsun/java2d/SunGraphics2D;Ljava/awt/Image;IIIIIILjava/awt/Color;Ljava/awt/image/ImageObserver;)Z
J  sun.java2d.SunGraphics2D.copyImage(Ljava/awt/Image;IIIIIILjava/awt/Color;Ljava/awt/image/ImageObserver;)Z
J  sun.java2d.SunGraphics2D.drawImage(Ljava/awt/Image;IIIIIIIILjava/awt/Color;Ljava/awt/image/ImageObserver;)Z
J  sun.java2d.SunGraphics2D.drawImage(Ljava/awt/Image;IIIIIIIILjava/awt/image/ImageObserver;)Z
J  java.awt.Component$BltBufferStrategy.showSubRegion(IIII)V
J  javax.swing.BufferStrategyPaintManager.flushAccumulatedRegion()Z
J  javax.swing.BufferStrategyPaintManager.endPaint()V
J  javax.swing.RepaintManager.endPaint()V
J  javax.swing.JComponent._paintImmediately(IIII)V
J  javax.swing.JComponent.paintImmediately(IIII)V
J  javax.swing.RepaintManager.paintDirtyRegions(Ljava/util/Map;)V
J  javax.swing.RepaintManager.paintDirtyRegions()V
J  javax.swing.RepaintManager.seqPaintDirtyRegions()V
J  javax.swing.SystemEventQueueUtilities$ComponentWorkRequest.run()V
J  java.awt.event.InvocationEvent.dispatch()V
J  java.awt.EventQueue.dispatchEvent(Ljava/awt/AWTEvent;)V
J  java.awt.EventDispatchThread.pumpOneEventForFilters(I)Z
J  java.awt.EventDispatchThread.pumpEventsForFilter(ILjava/awt/Conditional;Ljava/awt/EventFilter;)V
j  java.awt.EventDispatchThread.pumpEventsForHierarchy(ILjava/awt/Conditional;Ljava/awt/Component;)V+11
j  java.awt.EventDispatchThread.pumpEvents(ILjava/awt/Conditional;)V+4
j  java.awt.EventDispatchThread.pumpEvents(Ljava/awt/Conditional;)V+3
j  java.awt.EventDispatchThread.run()V+9
v  ~StubRoutines::call_stub

---------------  P R O C E S S  ---------------

Java Threads: ( => current thread )
  0x22f0f400 JavaThread "Thread-249" [_thread_blocked, id=9244, stack(0x057e0000,0x05860000)]
  0x22f0e800 JavaThread "Thread-234" [_thread_in_native, id=8744, stack(0x21cf0000,0x224f0000)]
  0x22f0d800 JavaThread "Thread-200" [_thread_blocked, id=10124, stack(0x06e30000,0x06eb0000)]
  0x22f0d400 JavaThread "Thread-199" [_thread_blocked, id=7056, stack(0x06d70000,0x06df0000)]
  0x1b388400 JavaThread "Thread-198" [_thread_blocked, id=5032, stack(0x056e0000,0x05760000)]
  0x1b387000 JavaThread "Thread-194" [_thread_blocked, id=9912, stack(0x05600000,0x05680000)]
  0x1b387400 JavaThread "Thread-186" [_thread_blocked, id=8532, stack(0x050f0000,0x05170000)]
  0x1b389000 JavaThread "Thread-168" [_thread_blocked, id=3432, stack(0x05070000,0x050f0000)]
  0x1b387c00 JavaThread "Thread-157" [_thread_blocked, id=9420, stack(0x04f50000,0x04fd0000)]
  0x1b385000 JavaThread "Thread-152" [_thread_blocked, id=9352, stack(0x04e10000,0x04e90000)]
  0x1b385800 JavaThread "Thread-147" [_thread_blocked, id=3704, stack(0x04d50000,0x04dd0000)]
  0x1b386800 JavaThread "Thread-142" [_thread_blocked, id=3036, stack(0x04c90000,0x04d10000)]
  0x1b385c00 JavaThread "Thread-141" [_thread_blocked, id=9916, stack(0x04bd0000,0x04c50000)]
  0x1b386400 JavaThread "Thread-140" [_thread_blocked, id=1420, stack(0x04b10000,0x04b90000)]
  0x1b384000 JavaThread "Thread-139" [_thread_blocked, id=5552, stack(0x04a90000,0x04b10000)]
  0x1b388c00 JavaThread "Thread-138" [_thread_blocked, id=3644, stack(0x04a10000,0x04a90000)]
  0x1b384c00 JavaThread "Prefs Updater" daemon [_thread_blocked, id=8380, stack(0x09b70000,0x09bf0000)]
  0x1b384800 JavaThread "Foxtrot Single Worker Thread #1" daemon [_thread_blocked, id=7244, stack(0x1c4a0000,0x1c520000)]
  0x1b383400 JavaThread "Active Reference Queue Daemon" daemon [_thread_blocked, id=4792, stack(0x1c860000,0x1c8e0000)]
  0x1b381c00 JavaThread "Timer-2" daemon [_thread_blocked, id=8248, stack(0x1c560000,0x1c5e0000)]
  0x1b383000 JavaThread "FelixPackageAdmin" daemon [_thread_blocked, id=260, stack(0x1c7a0000,0x1c820000)]
  0x1b382800 JavaThread "FelixStartLevel" daemon [_thread_blocked, id=9976, stack(0x1c6e0000,0x1c760000)]
  0x1b382400 JavaThread "FelixDispatchQueue" daemon [_thread_blocked, id=1396, stack(0x1c620000,0x1c6a0000)]
  0x1b381800 JavaThread "Timer-1" daemon [_thread_blocked, id=4576, stack(0x1c3d0000,0x1c450000)]
  0x1b1fa800 JavaThread "TimerQueue" daemon [_thread_blocked, id=9848, stack(0x1c1f0000,0x1c270000)]
=>0x1b0ed000 JavaThread "AWT-EventQueue-0" [_thread_in_native, id=3776, stack(0x1c170000,0x1c1f0000)]
  0x1afe5800 JavaThread "AWT-Shutdown" [_thread_blocked, id=8816, stack(0x1b8d0000,0x1b950000)]
  0x1b09a800 JavaThread "AWT-Windows" daemon [_thread_in_native, id=1776, stack(0x1b990000,0x1ba10000)]
  0x1b057c00 JavaThread "Java2D Disposer" daemon [_thread_blocked, id=8212, stack(0x1b810000,0x1b890000)]
  0x1a8b7800 JavaThread "Timer-0" [_thread_blocked, id=8392, stack(0x1aa90000,0x1ab10000)]
  0x1a8a5400 JavaThread "JMI Unnamed Thread" [_thread_in_native, id=2228, stack(0x05a10000,0x06210000)]
  0x09e55800 JavaThread "Low Memory Detector" daemon [_thread_blocked, id=4620, stack(0x19f90000,0x1a010000)]
  0x09e51400 JavaThread "CompilerThread0" daemon [_thread_blocked, id=2596, stack(0x19750000,0x19f50000)]
  0x09e46c00 JavaThread "Attach Listener" daemon [_thread_blocked, id=6908, stack(0x19690000,0x19710000)]
  0x09e32000 JavaThread "Finalizer" daemon [_thread_blocked, id=4304, stack(0x19610000,0x19690000)]
  0x09e2d400 JavaThread "Reference Handler" daemon [_thread_blocked, id=6664, stack(0x0a380000,0x0a400000)]
  0x09dae400 JavaThread "main" [_thread_in_native, id=10148, stack(0x00430000,0x00c30000)]

Other Threads:
  0x09e28800 VMThread [stack: 0x18e10000,0x19610000] [id=8736]
  0x09e5ec00 WatcherThread [stack: 0x1a050000,0x1a850000] [id=3448]

VM state:not at safepoint (normal execution)

VM Mutex/Monitor currently owned by a thread: None

Heap
 def new generation   total 29504K, used 16892K [0x0ce10000, 0x0ee10000, 0x0ee10000)
  eden space 26240K,  53% used [0x0ce10000, 0x0dbd88c0, 0x0e7b0000)
  from space 3264K,  85% used [0x0e7b0000, 0x0ea669b8, 0x0eae0000)
  to   space 3264K,   0% used [0x0eae0000, 0x0eae0000, 0x0ee10000)
 tenured generation   total 98304K, used 61773K [0x0ee10000, 0x14e10000, 0x14e10000)
   the space 98304K,  62% used [0x0ee10000, 0x12a63480, 0x12a63600, 0x14e10000)
 compacting perm gen  total 33536K, used 33361K [0x14e10000, 0x16ed0000, 0x18e10000)
   the space 33536K,  99% used [0x14e10000, 0x16ea44a0, 0x16ea4600, 0x16ed0000)
No shared spaces configured.

Dynamic libraries:
0x00400000 - 0x00425000 	C:\Program Files (x86)\MATLAB\R2010a\bin\win32\MATLAB.exe
0x775b0000 - 0x77730000 	C:\Windows\SysWOW64\ntdll.dll
0x76410000 - 0x76520000 	C:\Windows\syswow64\kernel32.dll
0x75760000 - 0x757a6000 	C:\Windows\syswow64\KERNELBASE.dll
0x7b940000 - 0x7b9ec000 	C:\Program Files (x86)\MATLAB\R2010a\bin\win32\libut.dll
0x74d40000 - 0x74d6a000 	C:\Windows\syswow64\imagehlp.dll
0x756b0000 - 0x7575c000 	C:\Windows\syswow64\msvcrt.dll
0x77580000 - 0x77585000 	C:\Windows\syswow64\PSAPI.DLL
0x7bfa0000 - 0x7bfbf000 	C:\Program Files (x86)\MATLAB\R2010a\bin\win32\LIBEXPAT.dll
0x74400000 - 0x7449b000 	C:\Windows\WinSxS\x86_microsoft.vc80.crt_1fc8b3b9a1e18e3b_8.0.50727.6195_none_d09154e044272b9a\MSVCR80.dll
0x7bd50000 - 0x7be38000 	C:\Program Files (x86)\MATLAB\R2010a\bin\win32\icuuc40.dll
0x74fb0000 - 0x75050000 	C:\Windows\syswow64\ADVAPI32.dll
0x769a0000 - 0x769b9000 	C:\Windows\SysWOW64\sechost.dll
0x76520000 - 0x76610000 	C:\Windows\syswow64\RPCRT4.dll
0x74c90000 - 0x74cf0000 	C:\Windows\syswow64\SspiCli.dll
0x74c80000 - 0x74c8c000 	C:\Windows\syswow64\CRYPTBASE.dll
0x7b4b0000 - 0x7b4b4000 	C:\Program Files (x86)\MATLAB\R2010a\bin\win32\icudt40.dll
0x7b4c0000 - 0x7b4cc000 	C:\Program Files (x86)\MATLAB\R2010a\bin\win32\icuio40.dll
0x7b670000 - 0x7b768000 	C:\Program Files (x86)\MATLAB\R2010a\bin\win32\icuin40.dll
0x744a0000 - 0x74527000 	C:\Windows\WinSxS\x86_microsoft.vc80.crt_1fc8b3b9a1e18e3b_8.0.50727.6195_none_d09154e044272b9a\MSVCP80.dll
0x74e40000 - 0x74f40000 	C:\Windows\syswow64\USER32.dll
0x768d0000 - 0x76960000 	C:\Windows\syswow64\GDI32.dll
0x757b0000 - 0x757ba000 	C:\Windows\syswow64\LPK.dll
0x74da0000 - 0x74e3d000 	C:\Windows\syswow64\USP10.dll
0x78770000 - 0x787ee000 	C:\Program Files (x86)\MATLAB\R2010a\bin\win32\libmwfl.dll
0x7d160000 - 0x7d16e000 	C:\Program Files (x86)\MATLAB\R2010a\bin\win32\boost_date_time-vc80-mt-1_36.dll
0x7d330000 - 0x7d346000 	C:\Program Files (x86)\MATLAB\R2010a\bin\win32\boost_filesystem-vc80-mt-1_36.dll
0x7c500000 - 0x7c507000 	C:\Program Files (x86)\MATLAB\R2010a\bin\win32\boost_system-vc80-mt-1_36.dll
0x7d050000 - 0x7d060000 	C:\Program Files (x86)\MATLAB\R2010a\bin\win32\boost_signals-vc80-mt-1_36.dll
0x7b4a0000 - 0x7b4ac000 	C:\Program Files (x86)\MATLAB\R2010a\bin\win32\boost_thread-vc80-mt-1_36.dll
0x7ba50000 - 0x7bc63000 	C:\Program Files (x86)\MATLAB\R2010a\bin\win32\libmwservices.dll
0x7b9f0000 - 0x7ba4d000 	C:\Program Files (x86)\MATLAB\R2010a\bin\win32\libmx.dll
0x78c90000 - 0x78ca3000 	C:\Program Files (x86)\MATLAB\R2010a\bin\win32\zlib1.dll
0x7bc70000 - 0x7bd47000 	C:\Program Files (x86)\MATLAB\R2010a\bin\win32\libmwmathutil.dll
0x79e30000 - 0x79e6a000 	C:\Program Files (x86)\MATLAB\R2010a\bin\win32\mpath.dll
0x7c0a0000 - 0x7c166000 	C:\Program Files (x86)\MATLAB\R2010a\bin\win32\mlutil.dll
0x7cfb0000 - 0x7d00e000 	C:\Program Files (x86)\MATLAB\R2010a\bin\win32\xmlcore.dll
0x79720000 - 0x798e2000 	C:\Program Files (x86)\MATLAB\R2010a\bin\win32\xerces-c_2_7.dll
0x76960000 - 0x76995000 	C:\Windows\syswow64\WS2_32.dll
0x75050000 - 0x75056000 	C:\Windows\syswow64\NSI.dll
0x757c0000 - 0x7640a000 	C:\Windows\syswow64\SHELL32.dll
0x74f40000 - 0x74f97000 	C:\Windows\syswow64\SHLWAPI.dll
0x78720000 - 0x7874e000 	C:\Program Files (x86)\MATLAB\R2010a\bin\win32\tbb.dll
0x73280000 - 0x73304000 	C:\Windows\WinSxS\x86_microsoft.windows.common-controls_6595b64144ccf1df_5.82.7601.17514_none_ec83dffa859149af\COMCTL32.dll
0x76850000 - 0x768cb000 	C:\Windows\syswow64\comdlg32.dll
0x74630000 - 0x74641000 	C:\Windows\system32\NETAPI32.dll
0x74620000 - 0x74629000 	C:\Windows\system32\netutils.dll
0x74600000 - 0x74619000 	C:\Windows\system32\srvcli.dll
0x745f0000 - 0x745ff000 	C:\Windows\system32\wkscli.dll
0x7a0e0000 - 0x7a144000 	C:\Program Files (x86)\MATLAB\R2010a\bin\win32\mcr.dll
0x7e890000 - 0x7e8a9000 	C:\Program Files (x86)\MATLAB\R2010a\bin\win32\libmwi18n.dll
0x7b4d0000 - 0x7b539000 	C:\Program Files (x86)\MATLAB\R2010a\bin\win32\iqm.dll
0x7a6c0000 - 0x7ab7b000 	C:\Program Files (x86)\MATLAB\R2010a\bin\win32\m_interpreter.dll
0x7b550000 - 0x7b561000 	C:\Program Files (x86)\MATLAB\R2010a\bin\win32\libmex.dll
0x79fb0000 - 0x7a017000 	C:\Program Files (x86)\MATLAB\R2010a\bin\win32\m_dispatcher.dll
0x7d280000 - 0x7d31d000 	C:\Program Files (x86)\MATLAB\R2010a\bin\win32\boost_regex-vc80-mt-1_36.dll
0x79ec0000 - 0x79f1b000 	C:\Program Files (x86)\MATLAB\R2010a\bin\win32\profiler.dll
0x7b5d0000 - 0x7b5f2000 	C:\Program Files (x86)\MATLAB\R2010a\bin\win32\libmwmathrng.dll
0x78c00000 - 0x78c12000 	C:\Program Files (x86)\MATLAB\R2010a\bin\win32\m_pcodeio.dll
0x79df0000 - 0x79e27000 	C:\Program Files (x86)\MATLAB\R2010a\bin\win32\m_ir.dll
0x7a1d0000 - 0x7a6bd000 	C:\Program Files (x86)\MATLAB\R2010a\bin\win32\m_parser.dll
0x7b540000 - 0x7b54e000 	C:\Program Files (x86)\MATLAB\R2010a\bin\win32\ir_xfmr.dll
0x787f0000 - 0x7894e000 	C:\Program Files (x86)\MATLAB\R2010a\bin\win32\mcos.dll
0x7b610000 - 0x7b61a000 	C:\Program Files (x86)\MATLAB\R2010a\bin\win32\mtok.dll
0x78be0000 - 0x78bfa000 	C:\Program Files (x86)\MATLAB\R2010a\bin\win32\m_pcodegen.dll
0x7e810000 - 0x7e844000 	C:\Program Files (x86)\MATLAB\R2010a\bin\win32\libmwspmatrix.dll
0x7e850000 - 0x7e871000 	C:\Program Files (x86)\MATLAB\R2010a\bin\win32\libmwbridge.dll
0x7b180000 - 0x7b209000 	C:\Program Files (x86)\MATLAB\R2010a\bin\win32\udd.dll
0x7be40000 - 0x7bf3f000 	C:\Program Files (x86)\MATLAB\R2010a\bin\win32\libmwgui.dll
0x78cf0000 - 0x7914f000 	C:\Program Files (x86)\MATLAB\R2010a\bin\win32\hg.dll
0x78b60000 - 0x78b92000 	C:\Program Files (x86)\MATLAB\R2010a\bin\win32\libmat.dll
0x7b770000 - 0x7b939000 	C:\Program Files (x86)\MATLAB\R2010a\bin\win32\libhdf5.dll
0x79d40000 - 0x79d96000 	C:\Program Files (x86)\MATLAB\R2010a\bin\win32\jmi.dll
0x79a40000 - 0x79a70000 	C:\Program Files (x86)\MATLAB\R2010a\bin\win32\libmwhardcopy.dll
0x79da0000 - 0x79de3000 	C:\Program Files (x86)\MATLAB\R2010a\bin\win32\libuij.dll
0x78630000 - 0x7871f000 	C:\Program Files (x86)\MATLAB\R2010a\bin\win32\hgdatatypes.dll
0x785c0000 - 0x78628000 	C:\Program Files (x86)\MATLAB\R2010a\bin\win32\hgutils.dll
0x78ba0000 - 0x78bd4000 	C:\Program Files (x86)\MATLAB\R2010a\bin\win32\libmwlapack.dll
0x7b580000 - 0x7b58e000 	C:\Program Files (x86)\MATLAB\R2010a\bin\win32\libmwbinder.dll
0x7b210000 - 0x7b492000 	C:\Program Files (x86)\MATLAB\R2010a\bin\win32\uiw.dll
0x7b660000 - 0x7b669000 	C:\Program Files (x86)\MATLAB\R2010a\bin\win32\uinone.dll
0x00df0000 - 0x00eff000 	C:\Windows\WinSxS\x86_microsoft.vc80.mfc_1fc8b3b9a1e18e3b_8.0.50727.6195_none_cbf5e994470a1a8f\MFC80.DLL
0x74b50000 - 0x74ba1000 	C:\Windows\system32\WINSPOOL.DRV
0x769e0000 - 0x76b3c000 	C:\Windows\syswow64\ole32.dll
0x76c00000 - 0x76c8f000 	C:\Windows\syswow64\OLEAUT32.dll
0x7a150000 - 0x7a1cc000 	C:\Program Files (x86)\MATLAB\R2010a\bin\win32\udd_mi.dll
0x78c20000 - 0x78c37000 	C:\Program Files (x86)\MATLAB\R2010a\bin\win32\mwoles05.DLL
0x79e70000 - 0x79eb9000 	C:\Program Files (x86)\MATLAB\R2010a\bin\win32\comcli.dll
0x70640000 - 0x7065b000 	C:\Windows\WinSxS\x86_microsoft.vc80.atl_1fc8b3b9a1e18e3b_8.0.50727.6195_none_d1cb102c435421de\ATL80.DLL
0x7b600000 - 0x7b60b000 	C:\Program Files (x86)\MATLAB\R2010a\bin\win32\mlautoregister.dll
0x76c90000 - 0x76cf0000 	C:\Windows\system32\IMM32.DLL
0x75420000 - 0x754ec000 	C:\Windows\syswow64\MSCTF.dll
0x00f90000 - 0x00f9e000 	C:\Windows\WinSxS\x86_microsoft.vc80.mfcloc_1fc8b3b9a1e18e3b_8.0.50727.6195_none_03ce2c72205943d3\MFC80ENU.DLL
0x74830000 - 0x7483b000 	C:\Windows\system32\profapi.dll
0x72ad0000 - 0x72b50000 	C:\Windows\system32\uxtheme.dll
0x70710000 - 0x708ae000 	C:\Windows\WinSxS\x86_microsoft.windows.common-controls_6595b64144ccf1df_6.0.7601.17514_none_41e6975e2bd6f2b2\comctl32.dll
0x75210000 - 0x753ad000 	C:\Windows\syswow64\SETUPAPI.dll
0x76bd0000 - 0x76bf7000 	C:\Windows\syswow64\CFGMGR32.dll
0x769c0000 - 0x769d2000 	C:\Windows\syswow64\DEVOBJ.dll
0x76b40000 - 0x76bc3000 	C:\Windows\syswow64\CLBCatQ.DLL
0x70540000 - 0x70635000 	C:\Windows\system32\propsys.dll
0x74b20000 - 0x74b41000 	C:\Windows\system32\ntmarta.dll
0x74cf0000 - 0x74d35000 	C:\Windows\syswow64\WLDAP32.dll
0x011a0000 - 0x011a3000 	C:\Windows\system32\icmp.Dll
0x74060000 - 0x7407c000 	C:\Windows\system32\iphlpapi.DLL
0x74050000 - 0x74057000 	C:\Windows\system32\WINNSI.DLL
0x72eb0000 - 0x72ec0000 	C:\Windows\system32\NLAapi.dll
0x72ea0000 - 0x72eb0000 	C:\Windows\system32\napinsp.dll
0x72e80000 - 0x72e92000 	C:\Windows\system32\pnrpnsp.dll
0x73fa0000 - 0x73fdc000 	C:\Windows\System32\mswsock.dll
0x738b0000 - 0x738f4000 	C:\Windows\system32\DNSAPI.dll
0x72e70000 - 0x72e78000 	C:\Windows\System32\winrnr.dll
0x73880000 - 0x738a1000 	C:\Program Files (x86)\Bonjour\mdnsNSP.dll
0x73170000 - 0x731a8000 	C:\Windows\System32\fwpuclnt.dll
0x73870000 - 0x73876000 	C:\Windows\system32\rasadhlp.dll
0x74040000 - 0x74045000 	C:\Windows\System32\wshtcpip.dll
0x73f00000 - 0x73f0d000 	C:\Windows\system32\dhcpcsvc6.DLL
0x73910000 - 0x73922000 	C:\Windows\system32\dhcpcsvc.DLL
0x79ae0000 - 0x79d36000 	C:\Program Files (x86)\MATLAB\R2010a\sys\java\jre\win32\jre\bin\client\jvm.dll
0x742b0000 - 0x742e2000 	C:\Windows\system32\WINMM.dll
0x7bfc0000 - 0x7c016000 	C:\Program Files (x86)\MATLAB\R2010a\bin\win32\MSVCR71.dll
0x72a60000 - 0x72aac000 	C:\Windows\system32\apphelp.dll
0x72ab0000 - 0x72ac3000 	C:\Windows\system32\dwmapi.dll
0x739d0000 - 0x73abb000 	C:\Windows\syswow64\dbghelp.dll
0x79f70000 - 0x79f78000 	C:\Program Files (x86)\MATLAB\R2010a\sys\java\jre\win32\jre\bin\hpi.dll
0x79f90000 - 0x79f9c000 	C:\Program Files (x86)\MATLAB\R2010a\sys\java\jre\win32\jre\bin\verify.dll
0x78cb0000 - 0x78ccf000 	C:\Program Files (x86)\MATLAB\R2010a\sys\java\jre\win32\jre\bin\java.dll
0x79fa0000 - 0x79faf000 	C:\Program Files (x86)\MATLAB\R2010a\sys\java\jre\win32\jre\bin\zip.dll

VM Arguments:
jvm_args: -Xss512k -XX:PermSize=32m -Xms64m -XX:NewRatio=3 -XX:MaxPermSize=64m -Xmx128m -XX:MaxDirectMemorySize=1200000000 -Dsun.java2d.noddraw=true -Dsun.awt.nopixfmt=true -Xshare:off -Xrs -Djava.library.path=C:\Program Files (x86)\MATLAB\R2010a\bin\win32 vfprintf abort 
java_command: <unknown>
Launcher Type: generic

Environment Variables:
CLASSPATH=.;C:\Program Files (x86)\Java\jre6\lib\ext\QTJava.zip
PATH=C:\Program Files (x86)\MATLAB\R2010a\sys\java\jre\win32\jre\bin;C:\Program Files (x86)\MATLAB\R2010a\sys\webrenderer\windows\corecomponents;C:\Program Files (x86)\MATLAB\R2010a\sys\webrenderer\windows;C:\Program Files (x86)\NVIDIA Corporation\PhysX\Common;C:\Windows\system32;C:\Windows;C:\Windows\System32\Wbem;C:\Windows\System32\WindowsPowerShell\v1.0\;C:\Program Files\MATLAB\R2009a\bin;C:\Program Files\MATLAB\R2009a\bin\win64;C:\Program Files\Microsoft Windows Performance Toolkit\;c:\Program Files (x86)\Microsoft SQL Server\100\Tools\Binn\;c:\Program Files\Microsoft SQL Server\100\Tools\Binn\;c:\Program Files\Microsoft SQL Server\100\DTS\Binn\;C:\Program Files (x86)\MATLAB\R2010a\runtime\win32;C:\Program Files (x86)\MATLAB\R2010a\bin;C:\Program Files\SlikSvn\bin\;C:\Program Files (x86)\QuickTime\QTSystem\
USERNAME=rcowell
OS=Windows_NT
PROCESSOR_IDENTIFIER=Intel64 Family 6 Model 26 Stepping 5, GenuineIntel



---------------  S Y S T E M  ---------------

OS: Windows NT 6.1 Build 7601 Service Pack 1

CPU:total 8 (8 cores per cpu, 2 threads per core) family 6 model 10 stepping 5, cmov, cx8, fxsr, mmx, sse, sse2, sse3, ssse3, ht

Memory: 4k page, physical 4194303k(4194303k free), swap 4194303k(4194303k free)

vm_info: Java HotSpot(TM) Client VM (11.2-b01) for windows-x86 JRE (1.6.0_12-b04), built on Jan 17 2009 09:57:14 by "java_re" with MS VC++ 7.1

time: Tue Jan 10 23:51:56 2012
elapsed time: 552063 seconds

