#
# A fatal error has been detected by the Java Runtime Environment:
#
#  EXCEPTION_ACCESS_VIOLATION (0xc0000005) at pc=0x000000007322c750, pid=10844, tid=7516
#
# JRE version: 6.0_17-b04
# Java VM: Java HotSpot(TM) 64-Bit Server VM (14.3-b01 mixed mode windows-amd64 )
# Problematic frame:
# C  0x000000007322c750
#
# If you would like to submit a bug report, please visit:
#   http://java.sun.com/webapps/bugreport/crash.jsp
# The crash happened outside the Java Virtual Machine in native code.
# See problematic frame for where to report the bug.
#

---------------  T H R E A D  ---------------

Current thread (0x000000000f1a7000):  JavaThread "AWT-EventQueue-0" [_thread_in_native, id=7516, stack(0x0000000015040000,0x00000000150c0000)]

siginfo: ExceptionCode=0xc0000005, reading address 0x0000000000000008

Registers:
EAX=0x000000000000000d, EBX=0x000000000f1a71b8, ECX=0x0000000000000000, EDX=0xffffffff9b0138b5
ESP=0x00000000150be018, EBP=0x0000000057d7a7c0, ESI=0x000000000f1a71b8, EDI=0x0000000057d7ce10
EIP=0x000000007322c750, EFLAGS=0x0000000000010202

Top of Stack: (sp=0x00000000150be018)
0x00000000150be018:   00000000731d589c 0000000000000000
0x00000000150be028:   000000000f1a71b8 0000000057d7a7c0
0x00000000150be038:   000000000f1a71b8 000000003d2b1930
0x00000000150be048:   000000000f1a71b8 000000003f7d5248
0x00000000150be058:   00000000731b3810 000000000f1a71b8
0x00000000150be068:   00000000150be730 00000000150be7a8
0x00000000150be078:   0000000057d7a7c0 0000000044a39158
0x00000000150be088:   00000000731d2151 0000000044a39158
0x00000000150be098:   00000000150be7a0 0000000000018257
0x00000000150be0a8:   00000000150be7a8 0000000044a39158
0x00000000150be0b8:   0000000039fa313c 000000003d2e99d8
0x00000000150be0c8:   0000000000000000 00000000150be0e8
0x00000000150be0d8:   00000000150be150 00000000150be150
0x00000000150be0e8:   0000000039a35ac2 00000000150be150
0x00000000150be0f8:   0000000039a35ac2 0000000039a35ac2
0x00000000150be108:   0000000044a39158 00000000150be110 

Instructions: (pc=0x000000007322c750)
0x000000007322c740:   48 8b 41 08 48 8b 80 18 0c 00 00 c3 cc cc cc cc
0x000000007322c750:   48 8b 49 08 48 85 c9 74 05 e9 72 f6 fd ff 33 c0 


Stack: [0x0000000015040000,0x00000000150c0000],  sp=0x00000000150be018,  free space=504k
Native frames: (J=compiled Java code, j=interpreted, Vv=VM code, C=native code)
C  0x000000007322c750

Java frames: (J=compiled Java code, j=interpreted, Vv=VM code)
j  sun.java2d.windows.GDIBlitLoops.nativeBlit(Lsun/java2d/SurfaceData;Lsun/java2d/SurfaceData;Lsun/java2d/pipe/Region;IIIIIIIIIZ)V+0
j  sun.java2d.windows.GDIBlitLoops.Blit(Lsun/java2d/SurfaceData;Lsun/java2d/SurfaceData;Ljava/awt/Composite;Lsun/java2d/pipe/Region;IIIIII)V+33
j  sun.java2d.pipe.DrawImage.blitSurfaceData(Lsun/java2d/SunGraphics2D;Lsun/java2d/pipe/Region;Lsun/java2d/SurfaceData;Lsun/java2d/SurfaceData;Lsun/java2d/loops/SurfaceType;Lsun/java2d/loops/SurfaceType;IIIIIILjava/awt/Color;)V+97
j  sun.java2d.pipe.DrawImage.renderImageCopy(Lsun/java2d/SunGraphics2D;Ljava/awt/Image;Ljava/awt/Color;IIIIII)Z+75
j  sun.java2d.pipe.DrawImage.copyImage(Lsun/java2d/SunGraphics2D;Ljava/awt/Image;IILjava/awt/Color;)Z+45
j  sun.java2d.pipe.DrawImage.copyImage(Lsun/java2d/SunGraphics2D;Ljava/awt/Image;IILjava/awt/Color;Ljava/awt/image/ImageObserver;)Z+15
J  sun.java2d.SunGraphics2D.drawImage(Ljava/awt/Image;IILjava/awt/Color;Ljava/awt/image/ImageObserver;)Z
J  javax.swing.RepaintManager$PaintManager.paintDoubleBuffered(Ljavax/swing/JComponent;Ljava/awt/Image;Ljava/awt/Graphics;IIII)V
j  javax.swing.RepaintManager$PaintManager.paint(Ljavax/swing/JComponent;Ljavax/swing/JComponent;Ljava/awt/Graphics;IIII)Z+116
j  javax.swing.BufferStrategyPaintManager.paint(Ljavax/swing/JComponent;Ljavax/swing/JComponent;Ljava/awt/Graphics;IIII)Z+224
J  javax.swing.JComponent._paintImmediately(IIII)V
J  javax.swing.RepaintManager.paintDirtyRegions(Ljava/util/Map;)V
j  javax.swing.RepaintManager.paintDirtyRegions()V+46
j  javax.swing.RepaintManager.seqPaintDirtyRegions()V+73
j  javax.swing.SystemEventQueueUtilities$ComponentWorkRequest.run()V+36
J  java.awt.EventDispatchThread.pumpOneEventForFilters(I)Z
J  java.awt.EventDispatchThread.pumpEventsForFilter(ILjava/awt/Conditional;Ljava/awt/EventFilter;)V
j  java.awt.EventDispatchThread.pumpEventsForHierarchy(ILjava/awt/Conditional;Ljava/awt/Component;)V+11
j  java.awt.EventDispatchThread.pumpEvents(ILjava/awt/Conditional;)V+4
j  java.awt.EventDispatchThread.pumpEvents(Ljava/awt/Conditional;)V+3
j  java.awt.EventDispatchThread.run()V+9
v  ~StubRoutines::call_stub

---------------  P R O C E S S  ---------------

Java Threads: ( => current thread )
  0x000000000f3b9800 JavaThread "Code Analyzer updating thread" [_thread_blocked, id=6060, stack(0x0000000014390000,0x0000000014410000)]
  0x000000000f3b8800 JavaThread "Code Analyzer updating thread" [_thread_blocked, id=11912, stack(0x0000000013e70000,0x0000000013ef0000)]
  0x000000000f3b5000 JavaThread "Code Analyzer updating thread" [_thread_blocked, id=9088, stack(0x0000000013c80000,0x0000000013d00000)]
  0x000000000f3b4800 JavaThread "Code Analyzer updating thread" [_thread_blocked, id=10700, stack(0x0000000013d90000,0x0000000013e10000)]
  0x000000000f3b7800 JavaThread "Code Analyzer updating thread" [_thread_blocked, id=6924, stack(0x00000000115c0000,0x0000000011640000)]
  0x000000000f3b6800 JavaThread "Code Analyzer updating thread" [_thread_blocked, id=10384, stack(0x0000000013d00000,0x0000000013d80000)]
  0x000000000f756000 JavaThread "Code Analyzer updating thread" [_thread_blocked, id=2308, stack(0x0000000013520000,0x00000000135a0000)]
  0x000000000f3b3000 JavaThread "Code Analyzer updating thread" [_thread_blocked, id=12168, stack(0x0000000014080000,0x0000000014100000)]
  0x000000000f755000 JavaThread "Code Analyzer updating thread" [_thread_blocked, id=10956, stack(0x0000000012ba0000,0x0000000012c20000)]
  0x000000000f3b6000 JavaThread "Code Analyzer updating thread" [_thread_blocked, id=3136, stack(0x0000000012c20000,0x0000000012ca0000)]
  0x000000000f3b1800 JavaThread "Code Analyzer updating thread" [_thread_blocked, id=13908, stack(0x0000000013f70000,0x0000000013ff0000)]
  0x000000000f3b1000 JavaThread "Code Analyzer updating thread" [_thread_blocked, id=10820, stack(0x0000000013be0000,0x0000000013c60000)]
  0x000000000f3b8000 JavaThread "Foxtrot Single Worker Thread #1" daemon [_thread_blocked, id=12792, stack(0x0000000013ae0000,0x0000000013b60000)]
  0x000000000f3ac800 JavaThread "pool-3-thread-1" [_thread_blocked, id=7824, stack(0x0000000010f60000,0x0000000010fe0000)]
  0x000000000f3ae000 JavaThread "RequestQueue for GenericFileList" [_thread_blocked, id=12872, stack(0x0000000051970000,0x00000000519f0000)]
  0x000000000f3b0000 JavaThread "Active Reference Queue Daemon" daemon [_thread_blocked, id=7500, stack(0x0000000014fa0000,0x0000000015020000)]
  0x000000000f3af800 JavaThread "Timer-5" daemon [_thread_blocked, id=7492, stack(0x0000000055df0000,0x0000000055e70000)]
  0x000000000f3ae800 JavaThread "Timer-4" daemon [_thread_blocked, id=8060, stack(0x0000000025530000,0x00000000255b0000)]
  0x000000000f3ab800 JavaThread "Prefs Updater" daemon [_thread_blocked, id=5436, stack(0x0000000051750000,0x00000000517d0000)]
  0x000000000f3ab000 JavaThread "Timer-1" [_thread_blocked, id=160, stack(0x000000000ff80000,0x0000000010000000)]
  0x000000000f3aa800 JavaThread "FelixPackageAdmin" daemon [_thread_blocked, id=5028, stack(0x00000000150c0000,0x0000000015140000)]
  0x000000000f312000 JavaThread "FelixStartLevel" daemon [_thread_blocked, id=13288, stack(0x000000000fd50000,0x000000000fdd0000)]
  0x000000000f399800 JavaThread "FelixDispatchQueue" daemon [_thread_blocked, id=11988, stack(0x000000002d7d0000,0x000000002d850000)]
  0x000000000e591800 JavaThread "TimerQueue" daemon [_thread_blocked, id=3344, stack(0x0000000029640000,0x00000000296c0000)]
=>0x000000000f1a7000 JavaThread "AWT-EventQueue-0" [_thread_in_native, id=7516, stack(0x0000000015040000,0x00000000150c0000)]
  0x000000000f059800 JavaThread "com.google.common.base.internal.Finalizer" daemon [_thread_blocked, id=13704, stack(0x0000000010eb0000,0x0000000010f30000)]
  0x000000000f1ac000 JavaThread "AWT-Windows" daemon [_thread_in_native, id=8164, stack(0x000000000fdd0000,0x000000000fe50000)]
  0x000000000f1ab000 JavaThread "AWT-Shutdown" [_thread_blocked, id=6420, stack(0x000000000fc10000,0x000000000fc90000)]
  0x000000000f1aa800 JavaThread "Java2D Disposer" daemon [_thread_blocked, id=9908, stack(0x000000000fcb0000,0x000000000fd30000)]
  0x000000000ee5f000 JavaThread "Timer-0" [_thread_blocked, id=12600, stack(0x000000000de80000,0x000000000df00000)]
  0x000000000ec56000 JavaThread "JMI Unnamed Thread" [_thread_in_native, id=7616, stack(0x0000000019180000,0x000000001d180000)]
  0x000000000dc9b800 JavaThread "Low Memory Detector" daemon [_thread_blocked, id=9000, stack(0x000000000df30000,0x000000000dfb0000)]
  0x000000000dc94800 JavaThread "CompilerThread1" daemon [_thread_in_native, id=5552, stack(0x00000000a4660000,0x00000000a8660000)]
  0x000000000dc8e800 JavaThread "CompilerThread0" daemon [_thread_blocked, id=7420, stack(0x00000000a04d0000,0x00000000a44d0000)]
  0x000000000dc8d800 JavaThread "Attach Listener" daemon [_thread_blocked, id=6208, stack(0x000000000dd90000,0x000000000de10000)]
  0x000000000dc35000 JavaThread "Finalizer" daemon [_thread_blocked, id=5772, stack(0x000000000d990000,0x000000000da10000)]
  0x000000000dc2a800 JavaThread "Reference Handler" daemon [_thread_blocked, id=3692, stack(0x000000000dcd0000,0x000000000dd50000)]
  0x00000000055c3000 JavaThread "main" [_thread_in_native, id=6656, stack(0x0000000000030000,0x0000000004030000)]

Other Threads:
  0x000000000dc25800 VMThread [stack: 0x000000009c4b0000,0x00000000a04b0000] [id=7040]
  0x000000000dcc0000 WatcherThread [stack: 0x00000000a86e0000,0x00000000ac6e0000] [id=11208]

VM state:not at safepoint (normal execution)

VM Mutex/Monitor currently owned by a thread: None

Heap
 PSYoungGen      total 30528K, used 26937K [0x000000004dd30000, 0x000000004fb70000, 0x0000000050e30000)
  eden space 30144K, 88% used [0x000000004dd30000,0x000000004f75e788,0x000000004faa0000)
  from space 384K, 33% used [0x000000004faa0000,0x000000004fac0000,0x000000004fb00000)
  to   space 384K, 0% used [0x000000004fb10000,0x000000004fb10000,0x000000004fb70000)
 PSOldGen        total 150528K, used 132611K [0x0000000044a30000, 0x000000004dd30000, 0x000000004dd30000)
  object space 150528K, 88% used [0x0000000044a30000,0x000000004cbb0dd8,0x000000004dd30000)
 PSPermGen       total 112192K, used 60952K [0x000000003ca30000, 0x00000000437c0000, 0x0000000044a30000)
  object space 112192K, 54% used [0x000000003ca30000,0x00000000405b60f8,0x00000000437c0000)

Dynamic libraries:
0x000000013f810000 - 0x000000013f839000 	C:\Program Files\MATLAB\R2011b\bin\win64\MATLAB.exe
0x00000000770c0000 - 0x0000000077269000 	C:\Windows\SYSTEM32\ntdll.dll
0x0000000076b40000 - 0x0000000076c5f000 	C:\Windows\system32\kernel32.dll
0x000007fefd880000 - 0x000007fefd8ec000 	C:\Windows\system32\KERNELBASE.dll
0x0000000074460000 - 0x0000000074563000 	C:\Program Files\MATLAB\R2011b\bin\win64\libut.dll
0x00000000758a0000 - 0x0000000075944000 	C:\Program Files\MATLAB\R2011b\bin\win64\libmwi18n.dll
0x0000000180000000 - 0x000000018000b000 	C:\Program Files\MATLAB\R2011b\bin\win64\libmwresource_core.dll
0x0000000065180000 - 0x0000000065253000 	C:\Windows\WinSxS\amd64_microsoft.vc90.crt_1fc8b3b9a1e18e3b_9.0.30729.6161_none_08e61857a83bc251\MSVCP90.dll
0x0000000064700000 - 0x00000000647a3000 	C:\Windows\WinSxS\amd64_microsoft.vc90.crt_1fc8b3b9a1e18e3b_9.0.30729.6161_none_08e61857a83bc251\MSVCR90.dll
0x000000007a170000 - 0x000000007a19c000 	C:\Program Files\MATLAB\R2011b\bin\win64\boost_filesystem-vc90-mt-1_44.dll
0x000000007a560000 - 0x000000007a569000 	C:\Program Files\MATLAB\R2011b\bin\win64\boost_system-vc90-mt-1_44.dll
0x000007fefdb20000 - 0x000007fefdbfb000 	C:\Windows\system32\ADVAPI32.dll
0x000007fefda80000 - 0x000007fefdb1f000 	C:\Windows\system32\msvcrt.dll
0x000007fefdd90000 - 0x000007fefddaf000 	C:\Windows\SYSTEM32\sechost.dll
0x000007fefdc00000 - 0x000007fefdd2d000 	C:\Windows\system32\RPCRT4.dll
0x000000007a010000 - 0x000000007a035000 	C:\Program Files\MATLAB\R2011b\bin\win64\LIBEXPAT.dll
0x0000000063b20000 - 0x0000000063d11000 	C:\Program Files\MATLAB\R2011b\bin\win64\icuin44.dll
0x0000000067c70000 - 0x0000000067de1000 	C:\Program Files\MATLAB\R2011b\bin\win64\icuuc44.dll
0x0000000010000000 - 0x0000000010e41000 	C:\Program Files\MATLAB\R2011b\bin\win64\icudt44.dll
0x0000000073f70000 - 0x00000000740b5000 	C:\Program Files\MATLAB\R2011b\bin\win64\libmwfl.dll
0x000000007a350000 - 0x000000007a556000 	C:\Program Files\MATLAB\R2011b\bin\win64\libmwMATLAB_res.dll
0x0000000004260000 - 0x0000000004270000 	C:\Program Files\MATLAB\R2011b\bin\win64\boost_date_time-vc90-mt-1_44.dll
0x000000007a250000 - 0x000000007a263000 	C:\Program Files\MATLAB\R2011b\bin\win64\boost_signals-vc90-mt-1_44.dll
0x000000007a2d0000 - 0x000000007a2e2000 	C:\Program Files\MATLAB\R2011b\bin\win64\boost_thread-vc90-mt-1_44.dll
0x00000000042a0000 - 0x00000000042e6000 	C:\Program Files\MATLAB\R2011b\bin\win64\tbb.dll
0x000007fefecb0000 - 0x000007fefecc9000 	C:\Windows\system32\imagehlp.dll
0x0000000077290000 - 0x0000000077297000 	C:\Windows\system32\PSAPI.DLL
0x000000006ff80000 - 0x000000006ff93000 	C:\Program Files\MATLAB\R2011b\bin\win64\icuio44.dll
0x000007fefad10000 - 0x000007fefae35000 	C:\Windows\system32\dbghelp.dll
0x0000000076c60000 - 0x0000000076d5a000 	C:\Windows\system32\USER32.dll
0x000007fefddb0000 - 0x000007fefde17000 	C:\Windows\system32\GDI32.dll
0x000007fefedc0000 - 0x000007fefedce000 	C:\Windows\system32\LPK.dll
0x000007fefde20000 - 0x000007fefdee9000 	C:\Windows\system32\USP10.dll
0x000000007bed0000 - 0x000000007c148000 	C:\Program Files\MATLAB\R2011b\bin\win64\libmwservices.dll
0x0000000075a20000 - 0x0000000075ad5000 	C:\Program Files\MATLAB\R2011b\bin\win64\libmx.dll
0x000000007a210000 - 0x000000007a228000 	C:\Program Files\MATLAB\R2011b\bin\win64\zlib1.dll
0x0000000074330000 - 0x0000000074453000 	C:\Program Files\MATLAB\R2011b\bin\win64\libmwmathutil.dll
0x0000000075f10000 - 0x0000000075f5d000 	C:\Program Files\MATLAB\R2011b\bin\win64\mpath.dll
0x000000007b680000 - 0x000000007bb4d000 	C:\Program Files\MATLAB\R2011b\bin\win64\mlutil.dll
0x0000000069340000 - 0x00000000693bf000 	C:\Program Files\MATLAB\R2011b\bin\win64\xmlcore.dll
0x000000007bc30000 - 0x000000007be83000 	C:\Program Files\MATLAB\R2011b\bin\win64\xerces-c_2_7.dll
0x000007fefed70000 - 0x000007fefedbd000 	C:\Windows\system32\WS2_32.dll
0x000007feff240000 - 0x000007feff248000 	C:\Windows\system32\NSI.dll
0x0000000004390000 - 0x00000000043a6000 	C:\Program Files\MATLAB\R2011b\bin\win64\libmwsettings_res.dll
0x00000000043c0000 - 0x0000000004407000 	C:\Program Files\MATLAB\R2011b\bin\win64\boost_serialization-vc90-mt-1_44.dll
0x000007fefdf20000 - 0x000007fefeca8000 	C:\Windows\system32\SHELL32.dll
0x000007fefefb0000 - 0x000007feff021000 	C:\Windows\system32\SHLWAPI.dll
0x000007fef8520000 - 0x000007fef85c0000 	C:\Windows\WinSxS\amd64_microsoft.windows.common-controls_6595b64144ccf1df_5.82.7601.17514_none_a4d6a923711520a9\COMCTL32.dll
0x000007fefecd0000 - 0x000007fefed67000 	C:\Windows\system32\COMDLG32.dll
0x000007fefa1f0000 - 0x000007fefa206000 	C:\Windows\system32\NETAPI32.dll
0x000007fefa1e0000 - 0x000007fefa1ec000 	C:\Windows\system32\netutils.dll
0x000007fefd050000 - 0x000007fefd073000 	C:\Windows\system32\srvcli.dll
0x000007fefa1c0000 - 0x000007fefa1d5000 	C:\Windows\system32\wkscli.dll
0x000007feff030000 - 0x000007feff233000 	C:\Windows\system32\ole32.dll
0x000007feff250000 - 0x000007feff327000 	C:\Windows\system32\OLEAUT32.dll
0x0000000074970000 - 0x0000000074a41000 	C:\Program Files\MATLAB\R2011b\bin\win64\mcr.dll
0x0000000075000000 - 0x0000000075324000 	C:\Program Files\MATLAB\R2011b\bin\win64\iqm.dll
0x0000000053380000 - 0x0000000053b50000 	C:\Program Files\MATLAB\R2011b\bin\win64\m_interpreter.dll
0x000000006fac0000 - 0x000000006fad5000 	C:\Program Files\MATLAB\R2011b\bin\win64\libmex.dll
0x0000000064980000 - 0x0000000064a2e000 	C:\Program Files\MATLAB\R2011b\bin\win64\m_dispatcher.dll
0x0000000074880000 - 0x000000007496d000 	C:\Program Files\MATLAB\R2011b\bin\win64\boost_regex-vc90-mt-1_44.dll
0x0000000069ac0000 - 0x0000000069b44000 	C:\Program Files\MATLAB\R2011b\bin\win64\profiler.dll
0x0000000079f40000 - 0x0000000079f73000 	C:\Program Files\MATLAB\R2011b\bin\win64\libmwmathrng.dll
0x0000000074c10000 - 0x0000000074cea000 	C:\Program Files\MATLAB\R2011b\bin\win64\libmwmathcore.dll
0x0000000076160000 - 0x00000000761cb000 	C:\Program Files\MATLAB\R2011b\bin\win64\libmwspmatrix.dll
0x0000000075ea0000 - 0x0000000075f02000 	C:\Program Files\MATLAB\R2011b\bin\win64\libmwcholmod.dll
0x00000000044d0000 - 0x00000000044dd000 	C:\Program Files\MATLAB\R2011b\bin\win64\libmwamd.dll
0x00000000044f0000 - 0x00000000044fc000 	C:\Program Files\MATLAB\R2011b\bin\win64\libmwcolamd.dll
0x000000006fec0000 - 0x000000006fed9000 	C:\Program Files\MATLAB\R2011b\bin\win64\libmwblas.dll
0x000000006faa0000 - 0x000000006fab2000 	C:\Program Files\MATLAB\R2011b\bin\win64\libmwbinder.dll
0x0000000073a70000 - 0x0000000073a7b000 	C:\Program Files\MATLAB\R2011b\bin\win64\libmwompwrapper.dll
0x0000000064670000 - 0x00000000646f2000 	C:\Program Files\MATLAB\R2011b\bin\win64\libmwlapack.dll
0x000000006eca0000 - 0x000000006ecc1000 	C:\Program Files\MATLAB\R2011b\bin\win64\m_pcodeio.dll
0x0000000079b10000 - 0x0000000079b77000 	C:\Program Files\MATLAB\R2011b\bin\win64\m_ir.dll
0x0000000056410000 - 0x0000000056a50000 	C:\Program Files\MATLAB\R2011b\bin\win64\m_parser.dll
0x000000006fa80000 - 0x000000006fa9a000 	C:\Program Files\MATLAB\R2011b\bin\win64\ir_xfmr.dll
0x0000000063890000 - 0x0000000063b15000 	C:\Program Files\MATLAB\R2011b\bin\win64\mcos.dll
0x0000000071820000 - 0x000000007182c000 	C:\Program Files\MATLAB\R2011b\bin\win64\mtok.dll
0x000000006d650000 - 0x000000006d681000 	C:\Program Files\MATLAB\R2011b\bin\win64\m_pcodegen.dll
0x0000000079fb0000 - 0x0000000079fe5000 	C:\Program Files\MATLAB\R2011b\bin\win64\libmwbridge.dll
0x0000000064000000 - 0x00000000640c8000 	C:\Program Files\MATLAB\R2011b\bin\win64\udd.dll
0x0000000062bd0000 - 0x0000000062d17000 	C:\Program Files\MATLAB\R2011b\bin\win64\libmwgui.dll
0x000000006ec80000 - 0x000000006ec97000 	C:\Program Files\MATLAB\R2011b\bin\win64\graphics_util.dll
0x0000000004600000 - 0x0000000004fb0000 	C:\Program Files\MATLAB\R2011b\bin\win64\hg.dll
0x0000000076100000 - 0x0000000076158000 	C:\Program Files\MATLAB\R2011b\bin\win64\libmat.dll
0x0000000072d30000 - 0x0000000072f44000 	C:\Program Files\MATLAB\R2011b\bin\win64\hdf5dll.dll
0x0000000075710000 - 0x000000007579d000 	C:\Program Files\MATLAB\R2011b\bin\win64\jmi.dll
0x0000000004ff0000 - 0x0000000004ffe000 	C:\Program Files\MATLAB\R2011b\bin\win64\nativejava_services.dll
0x000000006d3f0000 - 0x000000006d433000 	C:\Program Files\MATLAB\R2011b\bin\win64\libmwhardcopy.dll
0x0000000064600000 - 0x0000000064663000 	C:\Program Files\MATLAB\R2011b\bin\win64\libuij.dll
0x0000000060e50000 - 0x0000000061057000 	C:\Program Files\MATLAB\R2011b\bin\win64\hgdatatypes.dll
0x0000000060d50000 - 0x0000000060e49000 	C:\Program Files\MATLAB\R2011b\bin\win64\hgutils.dll
0x0000000063da0000 - 0x0000000063e5d000 	C:\Program Files\MATLAB\R2011b\bin\win64\udd_mi.dll
0x0000000005060000 - 0x0000000005329000 	C:\Program Files\MATLAB\R2011b\bin\win64\uiw.dll
0x0000000071760000 - 0x000000007176f000 	C:\Program Files\MATLAB\R2011b\bin\win64\uinone.dll
0x000007fefa880000 - 0x000007fefa898000 	C:\Windows\system32\MPR.dll
0x00000000595c0000 - 0x0000000059aa4000 	C:\Windows\WinSxS\amd64_microsoft.vc90.mfc_1fc8b3b9a1e18e3b_9.0.30729.6161_none_044aad0bab1eb146\mfc90.dll
0x000007fef6ba0000 - 0x000007fef6ba7000 	C:\Windows\system32\MSIMG32.dll
0x000007fef8f70000 - 0x000007fef8fe1000 	C:\Windows\system32\WINSPOOL.DRV
0x000000006bb30000 - 0x000000006bb51000 	C:\Program Files\MATLAB\R2011b\bin\win64\mwoles05.DLL
0x0000000063f80000 - 0x0000000063ff5000 	C:\Program Files\MATLAB\R2011b\bin\win64\comcli.dll
0x000000006b6b0000 - 0x000000006b6df000 	C:\Windows\WinSxS\amd64_microsoft.vc90.atl_1fc8b3b9a1e18e3b_9.0.30729.6161_none_0a1fd3a3a768b895\ATL90.DLL
0x0000000071350000 - 0x000000007135c000 	C:\Program Files\MATLAB\R2011b\bin\win64\mlautoregister.dll
0x0000000005380000 - 0x0000000005390000 	C:\Program Files\MATLAB\R2011b\bin\win64\boost_iostreams-vc90-mt-1_44.dll
0x000007fefdef0000 - 0x000007fefdf1e000 	C:\Windows\system32\IMM32.DLL
0x000007fefd970000 - 0x000007fefda79000 	C:\Windows\system32\MSCTF.dll
0x000007fefbf90000 - 0x000007fefbfe6000 	C:\Windows\system32\UxTheme.dll
0x000007fefb9b0000 - 0x000007fefb9c8000 	C:\Windows\system32\dwmapi.dll
0x0000000071230000 - 0x000000007123d000 	C:\Windows\WinSxS\amd64_microsoft.vc90.mfcloc_1fc8b3b9a1e18e3b_9.0.30729.6161_none_01c9581e60cbee58\MFC90ENU.DLL
0x0000000005670000 - 0x0000000005699000 	C:\Program Files\MATLAB\R2011b\bin\win64\tbbmalloc.dll
0x000007fefd520000 - 0x000007fefd52f000 	C:\Windows\system32\profapi.dll
0x000007fefb750000 - 0x000007fefb75f000 	C:\Program Files\MATLAB\R2011b\bin\win64\xmlxrcsc.dll
0x000007fefd410000 - 0x000007fefd41f000 	C:\Windows\system32\CRYPTBASE.dll
0x000007fefc170000 - 0x000007fefc364000 	C:\Windows\WinSxS\amd64_microsoft.windows.common-controls_6595b64144ccf1df_6.0.7601.17514_none_fa396087175ac9ac\comctl32.dll
0x000007fefedd0000 - 0x000007fefefa7000 	C:\Windows\system32\SETUPAPI.dll
0x000007fefd840000 - 0x000007fefd876000 	C:\Windows\system32\CFGMGR32.dll
0x000007fefd740000 - 0x000007fefd75a000 	C:\Windows\system32\DEVOBJ.dll
0x000007feff330000 - 0x000007feff3c9000 	C:\Windows\system32\CLBCatQ.DLL
0x000007fefbff0000 - 0x000007fefc11c000 	C:\Windows\system32\propsys.dll
0x000007fefbac0000 - 0x000007fefbaed000 	C:\Windows\system32\ntmarta.dll
0x000007fefdd30000 - 0x000007fefdd82000 	C:\Windows\system32\WLDAP32.dll
0x0000000070a10000 - 0x0000000070a13000 	C:\Windows\system32\icmp.Dll
0x000007fefa540000 - 0x000007fefa567000 	C:\Windows\system32\iphlpapi.DLL
0x000007fefa530000 - 0x000007fefa53b000 	C:\Windows\system32\WINNSI.DLL
0x000007fefd380000 - 0x000007fefd3a5000 	C:\Windows\system32\SspiCli.dll
0x000007fefafb0000 - 0x000007fefafc5000 	C:\Windows\system32\NLAapi.dll
0x000007fef8470000 - 0x000007fef8485000 	C:\Windows\system32\napinsp.dll
0x000007fef8440000 - 0x000007fef8459000 	C:\Windows\system32\pnrpnsp.dll

VM Arguments:
jvm_args: -Xss512k -XX:PermSize=32m -Xms64m -XX:NewRatio=3 -XX:MaxPermSize=128m -Xmx196m -XX:MaxDirectMemorySize=2147400000 -Dsun.java2d.noddraw=true -Dsun.awt.nopixfmt=true -Xshare:off -Xrs -Dsun.awt.disableMixing=true -Djava.library.path=C:\Program Files\MATLAB\R2011b\bin\win64 vfprintf abort 
java_command: <unknown>
Launcher Type: generic

Environment Variables:
CLASSPATH=.;C:\Program Files (x86)\Java\jre7\lib\ext\QTJava.zip
PATH=C:\Program Files (x86)\NVIDIA Corporation\PhysX\Common;C:\Windows\system32;C:\Windows;C:\Windows\System32\Wbem;C:\Windows\System32\WindowsPowerShell\v1.0\;C:\Program Files\MATLAB\R2011b\runtime\win64;C:\Program Files\MATLAB\R2011b\bin;C:\Program Files\MATLAB\R2009a\bin;C:\Program Files\MATLAB\R2009a\bin\win64;C:\Program Files\Microsoft Windows Performance Toolkit\;c:\Program Files (x86)\Microsoft SQL Server\100\Tools\Binn\;c:\Program Files\Microsoft SQL Server\100\Tools\Binn\;c:\Program Files\Microsoft SQL Server\100\DTS\Binn\;C:\Program Files (x86)\MATLAB\R2010a\runtime\win32;C:\Program Files (x86)\MATLAB\R2010a\bin;C:\Program Files\SlikSvn\bin\;C:\Program Files (x86)\QuickTime\QTSystem\
USERNAME=rcowell
OS=Windows_NT
PROCESSOR_IDENTIFIER=Intel64 Family 6 Model 26 Stepping 5, GenuineIntel



---------------  S Y S T E M  ---------------

OS: Windows 7 Build 7601 Service Pack 1

CPU:total 8 (8 cores per cpu, 2 threads per core) family 6 model 26 stepping 5, cmov, cx8, fxsr, mmx, sse, sse2, sse3, ssse3, sse4.1, sse4.2, ht

Memory: 4k page, physical 12573816k(5911004k free), swap 25145780k(18022328k free)

vm_info: Java HotSpot(TM) 64-Bit Server VM (14.3-b01) for windows-amd64 JRE (1.6.0_17-b04), built on Oct 11 2009 00:46:08 by "java_re" with MS VC++ 8.0

time: Wed Mar 06 20:58:57 2013
elapsed time: 561209 seconds

